<?xml version="1.0" encoding="UTF-8"?>
<!-- Generated by org.testng.reporters.JUnitReportReporter -->
<testsuite hostname="del1-lhp-n00215" name="demo.StartCalculator" tests="1" failures="0" timestamp="14 Jul 2018 09:50:20 GMT" time="18.459" errors="0">
  <testcase name="tc1" time="18.459" classname="demo.StartCalculator"/>
</testsuite> <!-- demo.StartCalculator -->
